[2026-04-23T12:01:54Z] === ENRICH ITERATION 1 START | repo=faern/oneshot sha=83fd0864 ===
[2026-04-23T12:01:54Z] [iter=1] PHASE START: enrich repo=faern/oneshot sha=83fd0864 runlog=/home/runner/work/forx/forx/storage/aggregate/lsp/logs/83fd0864-enrich-iter-001.log output=/home/runner/work/forx/forx/storage/aggregate/lsp/83fd0864be7289067ce96cc79cd96c0928742979.nq.gz
[2026-04-23T12:01:57Z] [iter=1] Step 1: Loading AST into disk-backed store mem_mb=78 MB
[2026-04-23T12:01:59Z] [iter=1] AST store loaded triples=120437 load_secs=1 mem_mb=252 MB
[2026-04-23T12:01:59Z] [iter=1] Step 2: Finding LSP targets mem_mb=252 MB
[2026-04-23T12:01:59Z] [iter=1] LSP targets found call_sites=1115 imports=67 extends=0 implements=17 secs=0
[2026-04-23T12:01:59Z] [iter=1] Step 2.7: Building position index (one-shot, shared across resolvers) mem_mb=252 MB
[2026-04-23T12:02:00Z] [iter=1] Position index built positions=8010 nodes_with_types=9852 secs=1 mem_mb=252 MB
[2026-04-23T12:02:00Z] [iter=1] Step 3: Starting LSP resolution mem_mb=252 MB already_completed_types=[] already_completed_files=0
[2026-04-23T12:02:00Z] [iter=1] Resolving target type target_type=call_site count=1115
[2026-04-23T12:02:28Z] [iter=1] HEARTBEAT target_type=call_site elapsed_min=0.6 files_done=1 resolved=30 errors=58 current=src/errors.rs
[2026-04-23T12:02:38Z] [iter=1] Target type resolved target_type=call_site resolved=300 errors=259 secs=39 mem_mb=252 MB
[2026-04-23T12:02:38Z] [iter=1] Resolving target type target_type=import_statement count=67
[2026-04-23T12:02:49Z] [iter=1] Target type resolved target_type=import_statement resolved=56 errors=0 secs=11 mem_mb=252 MB
[2026-04-23T12:02:49Z] [iter=1] Resolving target type target_type=implements_clause count=17
[2026-04-23T12:03:00Z] [iter=1] HEARTBEAT target_type=implements_clause elapsed_min=1.1 files_done=3 resolved=4 errors=0 current=src/errors.rs
[2026-04-23T12:03:00Z] [iter=1] Target type resolved target_type=implements_clause resolved=6 errors=0 secs=11 mem_mb=252 MB
[2026-04-23T12:03:11Z] [iter=1] Step 5: Writing final enrichment file triples=6286
[2026-04-23T12:03:12Z] [iter=1] Enrichment file written path=/home/runner/work/forx/forx/storage/aggregate/lsp/83fd0864be7289067ce96cc79cd96c0928742979.nq.gz size_kb=98
[2026-04-23T12:03:12Z] [iter=1] PHASE END: enrich elapsed_s=78 elapsed_min=1.3 total_triples=6286
